<?xml version="1.0" encoding="UTF-8"?>
<!-- Generated by org.testng.reporters.JUnitReportReporter -->
<testsuite skipped="0" hostname="DESKTOP-BHEMGQA" name="packageAalam.TC_Aalam_1" tests="2" failures="0" timestamp="19 Nov 2019 17:03:31 GMT" time="128.313" errors="0">
  <testcase name="test0" time="118.623" classname="packageAalam.TC_Aalam_1"/>
  <testcase name="test1" time="9.690" classname="packageAalam.TC_Aalam_1"/>
</testsuite> <!-- packageAalam.TC_Aalam_1 -->
