<?xml version="1.0" encoding="UTF-8"?>
<!-- Generated by org.testng.reporters.JUnitReportReporter -->
<testsuite skipped="0" hostname="DESKTOP-BHEMGQA" name="packageAalam.TC_Aalam_1" tests="1" failures="0" timestamp="18 Nov 2019 20:31:40 GMT" time="11.106" errors="0">
  <testcase name="testEasy" time="11.106" classname="packageAalam.TC_Aalam_1"/>
</testsuite> <!-- packageAalam.TC_Aalam_1 -->
